** Drc report for rezo_v0.1.kicad_pcb **
** Created on 2026-03-04T00:10:52+0000 **

** Found 7 DRC violations **
[lib_footprint_issues]: Footprint '01x02_Pad_2.0mm' not found in library 'Connector'.
    Local override; warning
    @(123.7627 mm, 62.0000 mm): Footprint J3
[lib_footprint_issues]: Footprint '01x02_Pad_2.0mm' not found in library 'Connector'.
    Local override; warning
    @(102.0000 mm, 62.0000 mm): Footprint J2
[lib_footprint_issues]: The current configuration does not include the footprint library 'Library'.
    Local override; warning
    @(116.3948 mm, 64.2710 mm): Footprint U3
[lib_footprint_issues]: The current configuration does not include the footprint library 'Library'.
    Local override; warning
    @(103.3887 mm, 67.6667 mm): Footprint U2
[lib_footprint_issues]: Footprint 'SW_TL1014AF160QG' not found in library 'Button_Switch_SMD'.
    Local override; warning
    @(116.0000 mm, 72.0000 mm): Footprint SW2
[lib_footprint_issues]: Footprint '01x02_Pad_2.0mm' not found in library 'Connector'.
    Local override; warning
    @(116.7854 mm, 59.5000 mm): Footprint J1
[lib_footprint_issues]: The current configuration does not include the footprint library 'Library'.
    Local override; warning
    @(112.5350 mm, 60.7785 mm): Footprint U1

** Found 0 unconnected pads **

** Found 0 Footprint errors **

** End of Report **
